-------------------------------------------------------------------------------
Test set: cucumber_tests.RunCucumberTest
-------------------------------------------------------------------------------
Tests run: 2, Failures: 0, Errors: 1, Skipped: 0, Time elapsed: 0.284 s <<< FAILURE! - in cucumber_tests.RunCucumberTest
Connection.Submit a login form  Time elapsed: 0.061 s  <<< ERROR!
io.cucumber.java.PendingException: TODO: implement me
	at cucumber_tests.LoginStepDefinitions.a_login_and_password(LoginStepDefinitions.java:11)
	at ✽.A login and password(classpath:project/login.feature:5)

