-------------------------------------------------------------------------------
Test set: cucumber_tests.RunCucumberTest
-------------------------------------------------------------------------------
Tests run: 5, Failures: 0, Errors: 5, Skipped: 0, Time elapsed: 0.245 s <<< FAILURE! - in cucumber_tests.RunCucumberTest
Examples.Example #1  Time elapsed: 0.07 s  <<< ERROR!
io.cucumber.java.PendingException: TODO: implement me
	at cucumber_tests.AddUserStepDefinitions.i_add_an_user_with_the_following_informations_and(AddUserStepDefinitions.java:9)
	at ✽.I add an user with the following informations "test1" and "test1"(classpath:project/addUser.feature:4)

Examples.Example #1  Time elapsed: 0.008 s  <<< ERROR!
io.cucumber.java.PendingException: TODO: implement me
	at cucumber_tests.ApiCallStepDefinitions.user_wants_to_get_meteo_data(ApiCallStepDefinitions.java:9)
	at ✽.user wants to get "Montreal" meteo data(classpath:project/apicall.feature:5)

Examples.Example #2  Time elapsed: 0.005 s  <<< ERROR!
io.cucumber.java.PendingException: TODO: implement me
	at cucumber_tests.ApiCallStepDefinitions.user_wants_to_get_meteo_data(ApiCallStepDefinitions.java:9)
	at ✽.user wants to get "Quebec" meteo data(classpath:project/apicall.feature:5)

Examples.Example #1  Time elapsed: 0.008 s  <<< ERROR!
io.cucumber.java.PendingException: TODO: implement me
	at cucumber_tests.ConnectionStepDefinitions.user_login_is_and_user_password_is(ConnectionStepDefinitions.java:9)
	at ✽.user identifiants are "admin" and "admin"(classpath:project/connect.feature:5)

Examples.Example #2  Time elapsed: 0.006 s  <<< ERROR!
io.cucumber.java.PendingException: TODO: implement me
	at cucumber_tests.ConnectionStepDefinitions.user_login_is_and_user_password_is(ConnectionStepDefinitions.java:9)
	at ✽.user identifiants are "wrong" and "wrong"(classpath:project/connect.feature:5)

