<?xml version="1.0" encoding="UTF-8"?>
<testsuite xmlns:xsi="http://www.w3.org/2001/XMLSchema-instance" xsi:noNamespaceSchemaLocation="https://maven.apache.org/surefire/maven-surefire-plugin/xsd/surefire-test-report-3.0.xsd" version="3.0" name="cucumber_tests.RunCucumberTest" time="0.215" tests="3" errors="2" skipped="0" failures="0">
  <properties>
[...]
</properties>
  <testcase name="The example" classname="An example" time="0.053">
    <system-out><![CDATA[
Scenario: The example                       &amp#27;[90m# project/example.feature:3&amp#27;[0m
  &amp#27;[32mGiven &amp#27;[0m&amp#27;[32man example scenario&amp#27;[0m                 &amp#27;[90m# cucumber_tests.StepDefinitions.anExampleScenario()&amp#27;[0m
  &amp#27;[32mWhen &amp#27;[0m&amp#27;[32mall step definitions are implemented&amp#27;[0m &amp#27;[90m# cucumber_tests.StepDefinitions.allStepDefinitionsAreImplemented()&amp#27;[0m
  &amp#27;[32mThen &amp#27;[0m&amp#27;[32mthe scenario passes&amp#27;[0m                  &amp#27;[90m# cucumber_tests.StepDefinitions.theScenarioPasses()&amp#27;[0m
]]></system-out>
  </testcase>
  <testcase name="Submit a login form" classname="Connection" time="0.042">
    <error message="TODO: implement me" type="io.cucumber.java.PendingException"><![CDATA[io.cucumber.java.PendingException: TODO: implement me
	at cucumber_tests.LoginStepDefinitions.a_login_and_password(LoginStepDefinitions.java:11)
	at ✽.A login and password(classpath:project/login.feature:5)
]]></error>
    <system-out><![CDATA[
Scenario: Submit a login form                &amp#27;[90m# project/login.feature:4&amp#27;[0m
  &amp#27;[33mGiven &amp#27;[0m&amp#27;[33mA login and password&amp#27;[0m                 &amp#27;[90m# cucumber_tests.LoginStepDefinitions.a_login_and_password()&amp#27;[0m
      &amp#27;[33mio.cucumber.java.PendingException: TODO: implement me
	at cucumber_tests.LoginStepDefinitions.a_login_and_password(LoginStepDefinitions.java:11)
	at âœ½.A login and password(classpath:project/login.feature:5)
&amp#27;[0m
  &amp#27;[36mWhen &amp#27;[0m&amp#27;[36mA password or/and email is wrong&amp#27;[0m
  &amp#27;[36mThen &amp#27;[0m&amp#27;[36mRefuse this access to the application&amp#27;[0m
]]></system-out>
  </testcase>
  <testcase name="Load login page" classname="Connection" time="0.006">
    <error message="TODO: implement me" type="io.cucumber.java.PendingException"><![CDATA[io.cucumber.java.PendingException: TODO: implement me
	at cucumber_tests.LoginPageDefinitions.the_login_page(LoginPageDefinitions.java:11)
	at ✽.The login page(classpath:project/loginpage.feature:5)
]]></error>
    <system-out><![CDATA[
Scenario: Load login page                &amp#27;[90m# project/loginpage.feature:4&amp#27;[0m
  &amp#27;[33mGiven &amp#27;[0m&amp#27;[33mThe login page&amp#27;[0m                   &amp#27;[90m# cucumber_tests.LoginPageDefinitions.the_login_page()&amp#27;[0m
      &amp#27;[33mio.cucumber.java.PendingException: TODO: implement me
	at cucumber_tests.LoginPageDefinitions.the_login_page(LoginPageDefinitions.java:11)
	at âœ½.The login page(classpath:project/loginpage.feature:5)
&amp#27;[0m
  &amp#27;[36mWhen &amp#27;[0m&amp#27;[36mThe user start the app&amp#27;[0m            &amp#27;[90m# cucumber_tests.LoginPageDefinitions.the_user_start_the_app()&amp#27;[0m
  &amp#27;[36mThen &amp#27;[0m&amp#27;[36mShow the email and password input&amp#27;[0m &amp#27;[90m# cucumber_tests.LoginPageDefinitions.show_the_email_and_password_input()&amp#27;[0m
]]></system-out>
  </testcase>
</testsuite>