<?xml version="1.0" encoding="UTF-8"?>
<testsuite xmlns:xsi="http://www.w3.org/2001/XMLSchema-instance" xsi:noNamespaceSchemaLocation="https://maven.apache.org/surefire/maven-surefire-plugin/xsd/surefire-test-report-3.0.xsd" version="3.0" name="cucumber_tests.RunCucumberTest" time="0.245" tests="5" errors="5" skipped="0" failures="0">
  <properties>
[...]
</properties>
  <testcase name="Example #1" classname="Examples" time="0.07">
    <error message="TODO: implement me" type="io.cucumber.java.PendingException"><![CDATA[io.cucumber.java.PendingException: TODO: implement me
	at cucumber_tests.AddUserStepDefinitions.i_add_an_user_with_the_following_informations_and(AddUserStepDefinitions.java:9)
	at ✽.I add an user with the following informations "test1" and "test1"(classpath:project/addUser.feature:4)
]]></error>
    <system-out><![CDATA[
Scenario Outline: has my user been added to databse                       &amp#27;[90m# project/addUser.feature:10&amp#27;[0m
  &amp#27;[33mGiven &amp#27;[0m&amp#27;[33mI add an user with the following informations &amp#27;[0m&amp#27;[33m&amp#27;[1m"test1"&amp#27;[0m&amp#27;[33m and &amp#27;[0m&amp#27;[33m&amp#27;[1m"test1"&amp#27;[0m &amp#27;[90m# cucumber_tests.AddUserStepDefinitions.i_add_an_user_with_the_following_informations_and(java.lang.String,java.lang.String)&amp#27;[0m
      &amp#27;[33mio.cucumber.java.PendingException: TODO: implement me
	at cucumber_tests.AddUserStepDefinitions.i_add_an_user_with_the_following_informations_and(AddUserStepDefinitions.java:9)
	at ✽.I add an user with the following informations "test1" and "test1"(classpath:project/addUser.feature:4)
&amp#27;[0m
  &amp#27;[36mWhen &amp#27;[0m&amp#27;[36mI ask check if the user has been added&amp#27;[0m                             &amp#27;[90m# cucumber_tests.AddUserStepDefinitions.i_ask_check_if_the_user_has_been_added()&amp#27;[0m
  &amp#27;[36mThen &amp#27;[0m&amp#27;[36mI should get him&amp#27;[0m                                                   &amp#27;[90m# cucumber_tests.AddUserStepDefinitions.i_should_get_him()&amp#27;[0m
]]></system-out>
  </testcase>
  <testcase name="Example #1" classname="Examples" time="0.008">
    <error message="TODO: implement me" type="io.cucumber.java.PendingException"><![CDATA[io.cucumber.java.PendingException: TODO: implement me
	at cucumber_tests.ApiCallStepDefinitions.user_wants_to_get_meteo_data(ApiCallStepDefinitions.java:9)
	at ✽.user wants to get "Montreal" meteo data(classpath:project/apicall.feature:5)
]]></error>
    <system-out><![CDATA[
Scenario Outline: user wants to get meteo data of a city &amp#27;[90m# project/apicall.feature:11&amp#27;[0m
  &amp#27;[33mGiven &amp#27;[0m&amp#27;[33muser wants to get &amp#27;[0m&amp#27;[33m&amp#27;[1m"Montreal"&amp#27;[0m&amp#27;[33m meteo data&amp#27;[0m          &amp#27;[90m# cucumber_tests.ApiCallStepDefinitions.user_wants_to_get_meteo_data(java.lang.String)&amp#27;[0m
      &amp#27;[33mio.cucumber.java.PendingException: TODO: implement me
	at cucumber_tests.ApiCallStepDefinitions.user_wants_to_get_meteo_data(ApiCallStepDefinitions.java:9)
	at ✽.user wants to get "Montreal" meteo data(classpath:project/apicall.feature:5)
&amp#27;[0m
  &amp#27;[36mWhen &amp#27;[0m&amp#27;[36mhe queries the weatherstack api&amp#27;[0m                   &amp#27;[90m# cucumber_tests.ApiCallStepDefinitions.he_queries_the_weatherstack_api()&amp#27;[0m
  &amp#27;[36mThen &amp#27;[0m&amp#27;[36mhe should receive a non null object&amp#27;[0m               &amp#27;[90m# cucumber_tests.ApiCallStepDefinitions.he_should_receive_a_non_null_object()&amp#27;[0m
]]></system-out>
  </testcase>
  <testcase name="Example #1" classname="Examples" time="0.008">
    <error message="TODO: implement me" type="io.cucumber.java.PendingException"><![CDATA[io.cucumber.java.PendingException: TODO: implement me
	at cucumber_tests.ConnectionStepDefinitions.user_login_is_and_user_password_is(ConnectionStepDefinitions.java:9)
	at ✽.user identifiants are "admin" and "admin"(classpath:project/connect.feature:5)
]]></error>
    <system-out><![CDATA[
Scenario Outline: can user access to meteo data center ?  &amp#27;[90m# project/connect.feature:11&amp#27;[0m
  &amp#27;[33mGiven &amp#27;[0m&amp#27;[33muser identifiants are "&amp#27;[0m&amp#27;[33m&amp#27;[1madmin&amp#27;[0m&amp#27;[33m" and "&amp#27;[0m&amp#27;[33m&amp#27;[1madmin&amp#27;[0m&amp#27;[33m"&amp#27;[0m         &amp#27;[90m# cucumber_tests.ConnectionStepDefinitions.user_login_is_and_user_password_is(java.lang.String,java.lang.String)&amp#27;[0m
      &amp#27;[33mio.cucumber.java.PendingException: TODO: implement me
	at cucumber_tests.ConnectionStepDefinitions.user_login_is_and_user_password_is(ConnectionStepDefinitions.java:9)
	at ✽.user identifiants are "admin" and "admin"(classpath:project/connect.feature:5)
&amp#27;[0m
  &amp#27;[36mWhen &amp#27;[0m&amp#27;[36mI ask whether user can access to meteo data center&amp#27;[0m &amp#27;[90m# cucumber_tests.ConnectionStepDefinitions.can_user_connect()&amp#27;[0m
  &amp#27;[36mThen &amp#27;[0m&amp#27;[36mI should be told &amp#27;[0m&amp#27;[36m&amp#27;[1m"true"&amp#27;[0m                            &amp#27;[90m# cucumber_tests.ConnectionStepDefinitions.i_should_be_told(java.lang.String)&amp#27;[0m
]]></system-out>
  </testcase>
  <testcase name="Example #2" classname="Examples" time="0.005">
    <error message="TODO: implement me" type="io.cucumber.java.PendingException"><![CDATA[io.cucumber.java.PendingException: TODO: implement me
	at cucumber_tests.ApiCallStepDefinitions.user_wants_to_get_meteo_data(ApiCallStepDefinitions.java:9)
	at ✽.user wants to get "Quebec" meteo data(classpath:project/apicall.feature:5)
]]></error>
    <system-out><![CDATA[
Scenario Outline: user wants to get meteo data of a city &amp#27;[90m# project/apicall.feature:12&amp#27;[0m
  &amp#27;[33mGiven &amp#27;[0m&amp#27;[33muser wants to get &amp#27;[0m&amp#27;[33m&amp#27;[1m"Quebec"&amp#27;[0m&amp#27;[33m meteo data&amp#27;[0m            &amp#27;[90m# cucumber_tests.ApiCallStepDefinitions.user_wants_to_get_meteo_data(java.lang.String)&amp#27;[0m
      &amp#27;[33mio.cucumber.java.PendingException: TODO: implement me
	at cucumber_tests.ApiCallStepDefinitions.user_wants_to_get_meteo_data(ApiCallStepDefinitions.java:9)
	at ✽.user wants to get "Quebec" meteo data(classpath:project/apicall.feature:5)
&amp#27;[0m
  &amp#27;[36mWhen &amp#27;[0m&amp#27;[36mhe queries the weatherstack api&amp#27;[0m                   &amp#27;[90m# cucumber_tests.ApiCallStepDefinitions.he_queries_the_weatherstack_api()&amp#27;[0m
  &amp#27;[36mThen &amp#27;[0m&amp#27;[36mhe should receive a non null object&amp#27;[0m               &amp#27;[90m# cucumber_tests.ApiCallStepDefinitions.he_should_receive_a_non_null_object()&amp#27;[0m
]]></system-out>
  </testcase>
  <testcase name="Example #2" classname="Examples" time="0.006">
    <error message="TODO: implement me" type="io.cucumber.java.PendingException"><![CDATA[io.cucumber.java.PendingException: TODO: implement me
	at cucumber_tests.ConnectionStepDefinitions.user_login_is_and_user_password_is(ConnectionStepDefinitions.java:9)
	at ✽.user identifiants are "wrong" and "wrong"(classpath:project/connect.feature:5)
]]></error>
    <system-out><![CDATA[
Scenario Outline: can user access to meteo data center ?  &amp#27;[90m# project/connect.feature:12&amp#27;[0m
  &amp#27;[33mGiven &amp#27;[0m&amp#27;[33muser identifiants are "&amp#27;[0m&amp#27;[33m&amp#27;[1mwrong&amp#27;[0m&amp#27;[33m" and "&amp#27;[0m&amp#27;[33m&amp#27;[1mwrong&amp#27;[0m&amp#27;[33m"&amp#27;[0m         &amp#27;[90m# cucumber_tests.ConnectionStepDefinitions.user_login_is_and_user_password_is(java.lang.String,java.lang.String)&amp#27;[0m
      &amp#27;[33mio.cucumber.java.PendingException: TODO: implement me
	at cucumber_tests.ConnectionStepDefinitions.user_login_is_and_user_password_is(ConnectionStepDefinitions.java:9)
	at ✽.user identifiants are "wrong" and "wrong"(classpath:project/connect.feature:5)
&amp#27;[0m
  &amp#27;[36mWhen &amp#27;[0m&amp#27;[36mI ask whether user can access to meteo data center&amp#27;[0m &amp#27;[90m# cucumber_tests.ConnectionStepDefinitions.can_user_connect()&amp#27;[0m
  &amp#27;[36mThen &amp#27;[0m&amp#27;[36mI should be told &amp#27;[0m&amp#27;[36m&amp#27;[1m"false"&amp#27;[0m                           &amp#27;[90m# cucumber_tests.ConnectionStepDefinitions.i_should_be_told(java.lang.String)&amp#27;[0m
]]></system-out>
  </testcase>
</testsuite>