<?xml version="1.0" encoding="UTF-8"?>
<testsuite xmlns:xsi="http://www.w3.org/2001/XMLSchema-instance" xsi:noNamespaceSchemaLocation="https://maven.apache.org/surefire/maven-surefire-plugin/xsd/surefire-test-report-3.0.xsd" version="3.0" name="unit_tests.TestLogin" time="0.008" tests="2" errors="0" skipped="0" failures="0">
  <properties>
[...]
</properties>
  <testcase name="testSuccesLogin" classname="unit_tests.TestLogin" time="0">
    <system-out><![CDATA[Meteo center opened!
]]></system-out>
  </testcase>
  <testcase name="testFailLogin" classname="unit_tests.TestLogin" time="0.001">
    <system-out><![CDATA[Meteo center opened!
Incorrect user, please check login or password
]]></system-out>
  </testcase>
</testsuite>