<?xml version="1.0" encoding="UTF-8"?>
<testsuite xmlns:xsi="http://www.w3.org/2001/XMLSchema-instance" xsi:noNamespaceSchemaLocation="https://maven.apache.org/surefire/maven-surefire-plugin/xsd/surefire-test-report-3.0.xsd" version="3.0" name="cucumber_tests.RunCucumberTest" time="1.491" tests="5" errors="0" skipped="0" failures="0">
  <properties>
[...]
</properties>
  <testcase name="Example #1" classname="Examples" time="0.217">
    <system-out><![CDATA[
Scenario Outline: has my user been added to databse                       &amp#27;[90m# project/addUser.feature:10&amp#27;[0m
Meteo center opened!
User added !
  &amp#27;[32mGiven &amp#27;[0m&amp#27;[32mI add an user with the following informations &amp#27;[0m&amp#27;[32m&amp#27;[1m"test1"&amp#27;[0m&amp#27;[32m and &amp#27;[0m&amp#27;[32m&amp#27;[1m"test1"&amp#27;[0m &amp#27;[90m# cucumber_tests.AddUserStepDefinitions.i_add_an_user_with_the_following_informations_and(java.lang.String,java.lang.String)&amp#27;[0m
  &amp#27;[32mWhen &amp#27;[0m&amp#27;[32mI ask check if the user has been added&amp#27;[0m                             &amp#27;[90m# cucumber_tests.AddUserStepDefinitions.i_ask_check_if_the_user_has_been_added()&amp#27;[0m
User deleted !
  &amp#27;[32mThen &amp#27;[0m&amp#27;[32mI should get him&amp#27;[0m                                                   &amp#27;[90m# cucumber_tests.AddUserStepDefinitions.i_should_get_him()&amp#27;[0m
]]></system-out>
  </testcase>
  <testcase name="Example #1" classname="Examples" time="0.635">
    <system-out><![CDATA[
Scenario Outline: user wants to get meteo data of a city &amp#27;[90m# project/apicall.feature:11&amp#27;[0m
  &amp#27;[32mGiven &amp#27;[0m&amp#27;[32muser wants to get &amp#27;[0m&amp#27;[32m&amp#27;[1m"Montreal"&amp#27;[0m&amp#27;[32m meteo data&amp#27;[0m          &amp#27;[90m# cucumber_tests.ApiCallStepDefinitions.user_wants_to_get_meteo_data(java.lang.String)&amp#27;[0m
  &amp#27;[32mWhen &amp#27;[0m&amp#27;[32mhe queries the weatherstack api&amp#27;[0m                   &amp#27;[90m# cucumber_tests.ApiCallStepDefinitions.he_queries_the_weatherstack_api()&amp#27;[0m
  &amp#27;[32mThen &amp#27;[0m&amp#27;[32mhe should receive a non null object&amp#27;[0m               &amp#27;[90m# cucumber_tests.ApiCallStepDefinitions.he_should_receive_a_non_null_object()&amp#27;[0m
]]></system-out>
  </testcase>
  <testcase name="Example #1" classname="Examples" time="0.011">
    <system-out><![CDATA[
Scenario Outline: can user access to meteo data center ?  &amp#27;[90m# project/connect.feature:11&amp#27;[0m
Meteo center opened!
  &amp#27;[32mGiven &amp#27;[0m&amp#27;[32muser identifiants are "&amp#27;[0m&amp#27;[32m&amp#27;[1madmin&amp#27;[0m&amp#27;[32m" and "&amp#27;[0m&amp#27;[32m&amp#27;[1madmin&amp#27;[0m&amp#27;[32m"&amp#27;[0m         &amp#27;[90m# cucumber_tests.ConnectionStepDefinitions.user_login_is_and_user_password_is(java.lang.String,java.lang.String)&amp#27;[0m
  &amp#27;[32mWhen &amp#27;[0m&amp#27;[32mI ask whether user can access to meteo data center&amp#27;[0m &amp#27;[90m# cucumber_tests.ConnectionStepDefinitions.can_user_connect()&amp#27;[0m
  &amp#27;[32mThen &amp#27;[0m&amp#27;[32mI should be told &amp#27;[0m&amp#27;[32m&amp#27;[1m"true"&amp#27;[0m                            &amp#27;[90m# cucumber_tests.ConnectionStepDefinitions.i_should_be_told(java.lang.String)&amp#27;[0m
]]></system-out>
  </testcase>
  <testcase name="Example #2" classname="Examples" time="0.457">
    <system-out><![CDATA[
Scenario Outline: user wants to get meteo data of a city &amp#27;[90m# project/apicall.feature:12&amp#27;[0m
  &amp#27;[32mGiven &amp#27;[0m&amp#27;[32muser wants to get &amp#27;[0m&amp#27;[32m&amp#27;[1m"Quebec"&amp#27;[0m&amp#27;[32m meteo data&amp#27;[0m            &amp#27;[90m# cucumber_tests.ApiCallStepDefinitions.user_wants_to_get_meteo_data(java.lang.String)&amp#27;[0m
  &amp#27;[32mWhen &amp#27;[0m&amp#27;[32mhe queries the weatherstack api&amp#27;[0m                   &amp#27;[90m# cucumber_tests.ApiCallStepDefinitions.he_queries_the_weatherstack_api()&amp#27;[0m
  &amp#27;[32mThen &amp#27;[0m&amp#27;[32mhe should receive a non null object&amp#27;[0m               &amp#27;[90m# cucumber_tests.ApiCallStepDefinitions.he_should_receive_a_non_null_object()&amp#27;[0m
]]></system-out>
  </testcase>
  <testcase name="Example #2" classname="Examples" time="0.008">
    <system-out><![CDATA[
Scenario Outline: can user access to meteo data center ?  &amp#27;[90m# project/connect.feature:12&amp#27;[0m
Meteo center opened!
  &amp#27;[32mGiven &amp#27;[0m&amp#27;[32muser identifiants are "&amp#27;[0m&amp#27;[32m&amp#27;[1mwrong&amp#27;[0m&amp#27;[32m" and "&amp#27;[0m&amp#27;[32m&amp#27;[1mwrong&amp#27;[0m&amp#27;[32m"&amp#27;[0m         &amp#27;[90m# cucumber_tests.ConnectionStepDefinitions.user_login_is_and_user_password_is(java.lang.String,java.lang.String)&amp#27;[0m
Incorrect user, please check login or password
  &amp#27;[32mWhen &amp#27;[0m&amp#27;[32mI ask whether user can access to meteo data center&amp#27;[0m &amp#27;[90m# cucumber_tests.ConnectionStepDefinitions.can_user_connect()&amp#27;[0m
  &amp#27;[32mThen &amp#27;[0m&amp#27;[32mI should be told &amp#27;[0m&amp#27;[32m&amp#27;[1m"false"&amp#27;[0m                           &amp#27;[90m# cucumber_tests.ConnectionStepDefinitions.i_should_be_told(java.lang.String)&amp#27;[0m
]]></system-out>
  </testcase>
</testsuite>